\BOOKMARK [1][-]{section.1}{\376\377\000D\000e\000f\000i\000n\000i\000t\000i\000o\000n\000s\000\040\000a\000n\000d\000\040\000N\000o\000t\000a\000t\000i\000o\000n}{}% 1
\BOOKMARK [2][-]{subsection.1.0.1}{\376\377\000B\000a\000s\000i\000c\000\040\000O\000p\000e\000r\000a\000t\000i\000o\000n\000s}{section.1}% 2
\BOOKMARK [2][-]{subsection.1.4.1}{\376\377\000D\000i\000g\000i\000t\000\040\000R\000e\000p\000r\000e\000s\000e\000n\000t\000a\000t\000i\000o\000n}{section.1}% 3
\BOOKMARK [2][-]{subsection.1.4.2}{\376\377\000C\000a\000r\000r\000y\000\040\000M\000e\000c\000h\000a\000n\000i\000s\000m}{section.1}% 4
\BOOKMARK [2][-]{subsection.1.4.3}{\376\377\000A\000s\000y\000m\000m\000e\000t\000r\000y\000\040\000M\000e\000a\000s\000u\000r\000e\000s}{section.1}% 5
\BOOKMARK [2][-]{subsection.1.8.1}{\376\377\000A\000d\000v\000a\000n\000c\000e\000d\000\040\000M\000a\000t\000h\000e\000m\000a\000t\000i\000c\000a\000l\000\040\000F\000r\000a\000m\000e\000w\000o\000r\000k}{section.1}% 6
\BOOKMARK [1][-]{section.2}{\376\377\000F\000u\000n\000d\000a\000m\000e\000n\000t\000a\000l\000\040\000T\000h\000e\000o\000r\000e\000m\000s}{}% 7
\BOOKMARK [2][-]{subsection.2.1.1}{\376\377\000U\000n\000i\000v\000e\000r\000s\000a\000l\000\040\000O\000b\000s\000t\000r\000u\000c\000t\000i\000o\000n\000\040\000P\000r\000o\000p\000a\000g\000a\000t\000i\000o\000n}{section.2}% 8
\BOOKMARK [2][-]{subsection.2.7.1}{\376\377\000G\000r\000o\000w\000t\000h\000\040\000o\000f\000\040\000t\000h\000e\000\040\000P\000h\000i\000\040\000I\000n\000v\000a\000r\000i\000a\000n\000t}{section.2}% 9
\BOOKMARK [1][-]{section.3}{\376\377\000H\000e\000n\000s\000e\000l\000\040\000L\000i\000f\000t\000i\000n\000g\000\040\000F\000r\000a\000m\000e\000w\000o\000r\000k}{}% 10
\BOOKMARK [2][-]{subsection.3.0.1}{\376\377\000M\000o\000d\000u\000l\000a\000r\000\040\000O\000b\000s\000t\000r\000u\000c\000t\000i\000o\000n\000\040\000T\000h\000e\000o\000r\000y}{section.3}% 11
\BOOKMARK [2][-]{subsection.3.0.2}{\376\377\000H\000e\000n\000s\000e\000l\000'\000s\000\040\000L\000e\000m\000m\000a\000\040\000\050\000A\000p\000p\000l\000i\000e\000d\000\040\000F\000o\000r\000m\000\051}{section.3}% 12
\BOOKMARK [2][-]{subsection.3.1.1}{\376\377\000A\000l\000g\000e\000b\000r\000a\000i\000c\000\040\000F\000o\000u\000n\000d\000a\000t\000i\000o\000n\000s\000\040\000a\000n\000d\000\040\000N\000i\000l\000p\000o\000t\000e\000n\000c\000e}{section.3}% 13
\BOOKMARK [1][-]{section.4}{\376\377\000M\000a\000i\000n\000\040\000R\000e\000s\000u\000l\000t\000s\000\040\000f\000o\000r\000\040\0001\0009\0006}{}% 14
\BOOKMARK [2][-]{subsection.4.4.1}{\376\377\000G\000r\000o\000w\000t\000h\000\040\000a\000n\000d\000\040\000S\000t\000r\000u\000c\000t\000u\000r\000a\000l\000\040\000A\000n\000a\000l\000y\000s\000i\000s}{section.4}% 15
\BOOKMARK [1][-]{section.5}{\376\377\000M\000o\000d\000u\000l\000a\000r\000\040\000O\000r\000b\000i\000t\000\040\000A\000n\000a\000l\000y\000s\000i\000s}{}% 16
\BOOKMARK [1][-]{section.6}{\376\377\000G\000a\000p\000\040\000T\000h\000e\000o\000r\000e\000m\000s\000\040\000a\000n\000d\000\040\000C\000l\000a\000s\000s\000\040\000C\000o\000v\000e\000r\000a\000g\000e}{}% 17
\BOOKMARK [2][-]{subsection.6.0.1}{\376\377\000T\000h\000r\000e\000e\000-\000G\000a\000p\000\040\000F\000r\000a\000m\000e\000w\000o\000r\000k}{section.6}% 18
\BOOKMARK [2][-]{subsection.6.4.1}{\376\377\000C\000l\000a\000s\000s\000\040\000C\000o\000v\000e\000r\000a\000g\000e}{section.6}% 19
\BOOKMARK [2][-]{subsection.6.5.1}{\376\377\000Q\000u\000a\000n\000t\000i\000t\000a\000t\000i\000v\000e\000\040\000B\000o\000u\000n\000d\000s\000\040\000o\000n\000\040\000`\0003\003\001\0009\000`\0004\0002\000`\000"\003\007\0006\0001\0003\000A\000`\000`\0004\0005\000`\0004\0007\000`\000"\0006\0000\0003\000A\000A\000\050\000r\000o\000b\000u\000s\000t\000\051}{section.6}% 20
\BOOKMARK [1][-]{section.7}{\376\377\000E\000n\000t\000r\000o\000p\000y\000:\000\040\000D\000i\000s\000t\000r\000i\000b\000u\000t\000i\000o\000n\000\040\000D\000i\000m\000e\000n\000s\000i\000o\000n}{}% 21
\BOOKMARK [2][-]{subsection.7.0.1}{\376\377\000I\000n\000f\000o\000r\000m\000a\000t\000i\000o\000n\000-\000T\000h\000e\000o\000r\000e\000t\000i\000c\000\040\000F\000o\000u\000n\000d\000a\000t\000i\000o\000n}{section.7}% 22
\BOOKMARK [1][-]{section.8}{\376\377\000C\000i\000r\000c\000u\000l\000a\000t\000i\000o\000n\000:\000\040\000F\000l\000o\000w\000\040\000D\000i\000m\000e\000n\000s\000i\000o\000n}{}% 23
\BOOKMARK [2][-]{subsection.8.0.1}{\376\377\000D\000i\000s\000p\000e\000r\000s\000i\000o\000n\000\040\000M\000e\000t\000r\000i\000c}{section.8}% 24
\BOOKMARK [2][-]{subsection.8.1.1}{\376\377\000D\000y\000n\000a\000m\000i\000c\000a\000l\000\040\000I\000n\000t\000e\000r\000p\000r\000e\000t\000a\000t\000i\000o\000n}{section.8}% 25
\BOOKMARK [1][-]{section.9}{\376\377\000U\000n\000i\000f\000i\000e\000d\000\040\000F\000r\000a\000m\000e\000w\000o\000r\000k\000:\000\040\000T\000h\000r\000e\000e\000-\000D\000i\000m\000e\000n\000s\000i\000o\000n\000a\000l\000\040\000A\000n\000a\000l\000y\000s\000i\000s}{}% 26
\BOOKMARK [2][-]{subsection.9.0.1}{\376\377\000S\000t\000a\000t\000e\000\040\000S\000p\000a\000c\000e}{section.9}% 27
\BOOKMARK [1][-]{section.10}{\376\377\000S\000t\000r\000a\000t\000i\000f\000i\000e\000d\000\040\000C\000o\000n\000g\000r\000u\000e\000n\000c\000e\000\040\000A\000n\000a\000l\000y\000s\000i\000s}{}% 28
\BOOKMARK [2][-]{subsection.10.7.1}{\376\377\000A\000p\000p\000l\000i\000c\000a\000t\000i\000o\000n\000\040\000t\000o\000\040\0001\0009\0006\000:\000\040\000D\000e\000t\000a\000i\000l\000e\000d\000\040\000H\000e\000n\000s\000e\000l\000\040\000L\000i\000f\000t\000i\000n\000g\000\040\000A\000n\000a\000l\000y\000s\000i\000s}{section.10}% 29
\BOOKMARK [3][-]{subsubsection.10.7.1.1}{\376\377\000H\000e\000n\000s\000e\000l\000\040\000L\000i\000f\000t\000i\000n\000g\000\040\000F\000r\000a\000m\000e\000w\000o\000r\000k}{subsection.10.7.1}% 30
\BOOKMARK [3][-]{subsubsection.10.8.0.1}{\376\377\000C\000o\000m\000p\000u\000t\000a\000t\000i\000o\000n\000a\000l\000\040\000c\000e\000r\000t\000i\000f\000i\000c\000a\000t\000e\000\040\000\050\0001\0009\0006\000\051}{subsection.10.7.1}% 31
\BOOKMARK [1][-]{section.11}{\376\377\000E\000r\000g\000o\000d\000i\000c\000\040\000a\000n\000d\000\040\000M\000a\000r\000k\000o\000v\000i\000a\000n\000\040\000F\000r\000a\000m\000e\000w\000o\000r\000k}{}% 32
\BOOKMARK [1][-]{section.12}{\376\377\000C\000o\000n\000f\000i\000d\000e\000n\000c\000e\000\040\000A\000s\000s\000e\000s\000s\000m\000e\000n\000t}{}% 33
\BOOKMARK [2][-]{subsection.12.0.1}{\376\377\000E\000v\000i\000d\000e\000n\000c\000e\000\040\000C\000o\000n\000v\000e\000r\000g\000e\000n\000c\000e}{section.12}% 34
\BOOKMARK [2][-]{subsection.12.0.2}{\376\377\000M\000u\000l\000t\000i\000p\000l\000e\000\040\000I\000n\000d\000e\000p\000e\000n\000d\000e\000n\000t\000\040\000B\000a\000r\000r\000i\000e\000r\000s}{section.12}% 35
\BOOKMARK [2][-]{subsection.12.0.3}{\376\377\000P\000r\000o\000b\000a\000b\000i\000l\000i\000s\000t\000i\000c\000\040\000I\000n\000t\000e\000r\000p\000r\000e\000t\000a\000t\000i\000o\000n}{section.12}% 36
\BOOKMARK [2][-]{subsection.12.0.4}{\376\377\000E\000v\000i\000d\000e\000n\000c\000e\000\040\000H\000i\000e\000r\000a\000r\000c\000h\000y}{section.12}% 37
\BOOKMARK [1][-]{section.13}{\376\377\000M\000a\000i\000n\000\040\000T\000h\000e\000o\000r\000e\000m}{}% 38
\BOOKMARK [1][-]{section.14}{\376\377\000C\000o\000r\000o\000l\000l\000a\000r\000i\000e\000s\000\040\000a\000n\000d\000\040\000E\000x\000t\000e\000n\000s\000i\000o\000n\000s}{}% 39
\BOOKMARK [1][-]{section.15}{\376\377\000M\000e\000t\000h\000o\000d\000o\000l\000o\000g\000y\000\040\000a\000n\000d\000\040\000R\000e\000p\000r\000o\000d\000u\000c\000i\000b\000i\000l\000i\000t\000y}{}% 40
\BOOKMARK [2][-]{subsection.15.0.1}{\376\377\000C\000o\000m\000p\000u\000t\000a\000t\000i\000o\000n\000a\000l\000\040\000E\000n\000v\000i\000r\000o\000n\000m\000e\000n\000t}{section.15}% 41
\BOOKMARK [2][-]{subsection.15.0.2}{\376\377\000V\000e\000r\000i\000f\000i\000c\000a\000t\000i\000o\000n\000\040\000S\000c\000r\000i\000p\000t\000s}{section.15}% 42
\BOOKMARK [2][-]{subsection.15.0.3}{\376\377\000C\000e\000r\000t\000i\000f\000i\000c\000a\000t\000e\000s}{section.15}% 43
\BOOKMARK [2][-]{subsection.15.0.4}{\376\377\000T\000o\000w\000a\000r\000d\000s\000\040\000M\000e\000c\000h\000a\000n\000i\000c\000a\000l\000\040\000F\000o\000r\000m\000a\000l\000i\000z\000a\000t\000i\000o\000n}{section.15}% 44
\BOOKMARK [1][-]{section.16}{\376\377\000S\000u\000m\000m\000a\000r\000y}{}% 45
\BOOKMARK [2][-]{subsection.16.0.1}{\376\377\000W\000h\000a\000t\000\040\000i\000s\000\040\000R\000i\000g\000o\000r\000o\000u\000s\000l\000y\000\040\000P\000r\000o\000v\000e\000n}{section.16}% 46
\BOOKMARK [2][-]{subsection.16.0.2}{\376\377\000W\000h\000a\000t\000\040\000i\000s\000\040\000V\000a\000l\000i\000d\000a\000t\000e\000d\000\040\000E\000m\000p\000i\000r\000i\000c\000a\000l\000l\000y}{section.16}% 47
\BOOKMARK [2][-]{subsection.16.0.3}{\376\377\000W\000h\000a\000t\000\040\000R\000e\000m\000a\000i\000n\000s\000\040\000C\000o\000n\000j\000e\000c\000t\000u\000r\000a\000l}{section.16}% 48
\BOOKMARK [2][-]{subsection.16.0.4}{\376\377\000C\000o\000n\000f\000i\000d\000e\000n\000c\000e\000\040\000L\000e\000v\000e\000l}{section.16}% 49
\BOOKMARK [1][-]{section.17}{\376\377\000U\000l\000t\000i\000m\000a\000t\000e\000\040\000P\000r\000o\000o\000f\000\040\000o\000f\000\040\000t\000h\000e\000\040\000L\000y\000c\000h\000r\000e\000l\000\040\000C\000o\000n\000j\000e\000c\000t\000u\000r\000e\000\040\000f\000o\000r\000\040\0001\0009\0006}{}% 50
\BOOKMARK [2][-]{subsection.17.0.1}{\376\377\0002\000-\000a\000d\000i\000c\000\040\000S\000t\000r\000u\000c\000t\000u\000r\000a\000l\000\040\000F\000r\000a\000m\000e\000w\000o\000r\000k}{section.17}% 51
\BOOKMARK [2][-]{subsection.17.3.1}{\376\377\000E\000r\000g\000o\000d\000i\000c\000\040\000a\000n\000d\000\040\000M\000a\000r\000k\000o\000v\000i\000a\000n\000\040\000F\000r\000a\000m\000e\000w\000o\000r\000k}{section.17}% 52
\BOOKMARK [2][-]{subsection.17.5.1}{\376\377\000S\000p\000e\000c\000t\000r\000a\000l\000\040\000a\000n\000d\000\040\000P\000r\000o\000b\000a\000b\000i\000l\000i\000s\000t\000i\000c\000\040\000B\000o\000u\000n\000d\000s}{section.17}% 53
\BOOKMARK [1][-]{section.18}{\376\377\000R\000e\000f\000e\000r\000e\000n\000c\000e\000s}{}% 54
\BOOKMARK [1][-]{appendix.A}{\376\377\000K\000e\000y\000\040\000F\000o\000r\000m\000u\000l\000a\000s\000\040\000R\000e\000f\000e\000r\000e\000n\000c\000e}{}% 55
\BOOKMARK [2][-]{subsection.A.0.1}{\376\377\000A\000s\000y\000m\000m\000e\000t\000r\000y\000\040\000M\000e\000a\000s\000u\000r\000e\000s}{appendix.A}% 56
\BOOKMARK [2][-]{subsection.A.0.2}{\376\377\000H\000e\000n\000s\000e\000l\000\040\000F\000r\000a\000m\000e\000w\000o\000r\000k}{appendix.A}% 57
\BOOKMARK [2][-]{subsection.A.0.3}{\376\377\000G\000r\000o\000w\000t\000h\000\040\000M\000o\000d\000e\000l}{appendix.A}% 58
\BOOKMARK [2][-]{subsection.A.0.4}{\376\377\000P\000r\000o\000b\000a\000b\000i\000l\000i\000t\000y\000\040\000B\000o\000u\000n\000d}{appendix.A}% 59
\BOOKMARK [2][-]{subsection.A.0.5}{\376\377\000N\000i\000l\000p\000o\000t\000e\000n\000c\000e\000\040\000a\000n\000d\000\040\000A\000l\000g\000e\000b\000r\000a\000i\000c\000\040\000R\000e\000l\000a\000t\000i\000o\000n\000s}{appendix.A}% 60
\BOOKMARK [2][-]{subsection.A.0.6}{\376\377\000P\000h\000i\000\040\000I\000n\000v\000a\000r\000i\000a\000n\000t}{appendix.A}% 61
\BOOKMARK [1][-]{appendix.B}{\376\377\000T\000h\000e\000o\000r\000e\000t\000i\000c\000a\000l\000\040\000P\000r\000o\000o\000f\000\040\000o\000f\000\040\000t\000h\000e\000\040\000G\000r\000o\000w\000t\000h\000\040\000o\000f\000\040\000t\000h\000e\000\040\000I\000n\000v\000a\000r\000i\000a\000n\000t\000\040}{}% 62
\BOOKMARK [2][-]{subsection.B.0.1}{\376\377\000I\000n\000t\000r\000o\000d\000u\000c\000t\000i\000o\000n}{appendix.B}% 63
\BOOKMARK [2][-]{subsection.B.0.2}{\376\377\000D\000e\000f\000i\000n\000i\000t\000i\000o\000n\000s\000\040\000a\000n\000d\000\040\000N\000o\000t\000a\000t\000i\000o\000n}{appendix.B}% 64
\BOOKMARK [2][-]{subsection.B.2.1}{\376\377\000M\000a\000i\000n\000\040\000T\000h\000e\000o\000r\000e\000m}{appendix.B}% 65
\BOOKMARK [2][-]{subsection.B.3.1}{\376\377\000P\000r\000o\000o\000f}{appendix.B}% 66
\BOOKMARK [2][-]{subsection.B.7.1}{\376\377\000C\000o\000r\000o\000l\000l\000a\000r\000i\000e\000s}{appendix.B}% 67
\BOOKMARK [2][-]{subsection.B.9.1}{\376\377\000C\000o\000m\000p\000u\000t\000a\000t\000i\000o\000n\000a\000l\000\040\000V\000a\000l\000i\000d\000a\000t\000i\000o\000n}{appendix.B}% 68
\BOOKMARK [2][-]{subsection.B.9.2}{\376\377\000C\000o\000n\000c\000l\000u\000s\000i\000o\000n}{appendix.B}% 69
\BOOKMARK [1][-]{section*.8}{\376\377\000A\000p\000p\000e\000n\000d\000i\000x\000\040\000C\000:\000\040\000V\000a\000l\000i\000d\000a\000t\000i\000o\000n\000\040\000S\000c\000r\000i\000p\000t\000s}{}% 70
\BOOKMARK [2][-]{section*.9}{\376\377\000C\000.\0001\000\040\000C\000o\000r\000e\000\040\000V\000a\000l\000i\000d\000a\000t\000i\000o\000n\000\040\000S\000c\000r\000i\000p\000t\000s}{section*.8}% 71
