\BOOKMARK [1][-]{section.1}{\376\377\000O\000v\000e\000r\000v\000i\000e\000w}{}% 1
\BOOKMARK [2][-]{subsection.1.1}{\376\377\000P\000u\000r\000p\000o\000s\000e\000\040\000o\000f\000\040\000T\000h\000i\000s\000\040\000D\000o\000c\000u\000m\000e\000n\000t}{section.1}% 2
\BOOKMARK [2][-]{subsection.1.2}{\376\377\000C\000o\000m\000p\000u\000t\000a\000t\000i\000o\000n\000a\000l\000\040\000C\000l\000a\000i\000m\000s}{section.1}% 3
\BOOKMARK [2][-]{subsection.1.3}{\376\377\000C\000o\000m\000p\000u\000t\000a\000t\000i\000o\000n\000a\000l\000\040\000E\000n\000v\000i\000r\000o\000n\000m\000e\000n\000t}{section.1}% 4
\BOOKMARK [3][-]{subsubsection.1.3.1}{\376\377\000H\000a\000r\000d\000w\000a\000r\000e}{subsection.1.3}% 5
\BOOKMARK [3][-]{subsubsection.1.3.2}{\376\377\000S\000o\000f\000t\000w\000a\000r\000e}{subsection.1.3}% 6
\BOOKMARK [3][-]{subsubsection.1.3.3}{\376\377\000P\000y\000t\000h\000o\000n\000\040\000L\000i\000b\000r\000a\000r\000i\000e\000s}{subsection.1.3}% 7
\BOOKMARK [1][-]{section.2}{\376\377\000S\000y\000s\000t\000e\000m\000\040\000A\000r\000c\000h\000i\000t\000e\000c\000t\000u\000r\000e}{}% 8
\BOOKMARK [2][-]{subsection.2.1}{\376\377\000M\000o\000d\000u\000l\000e\000\040\000S\000t\000r\000u\000c\000t\000u\000r\000e}{section.2}% 9
\BOOKMARK [2][-]{subsection.2.2}{\376\377\000W\000o\000r\000k\000f\000l\000o\000w\000\040\000O\000v\000e\000r\000v\000i\000e\000w}{section.2}% 10
\BOOKMARK [2][-]{subsection.2.3}{\376\377\000D\000a\000t\000a\000\040\000F\000l\000o\000w}{section.2}% 11
\BOOKMARK [1][-]{section.3}{\376\377\000C\000o\000r\000e\000\040\000A\000l\000g\000o\000r\000i\000t\000h\000m\000s}{}% 12
\BOOKMARK [2][-]{subsection.3.1}{\376\377\000R\000e\000v\000e\000r\000s\000e\000-\000a\000n\000d\000-\000A\000d\000d\000\040\000O\000p\000e\000r\000a\000t\000i\000o\000n}{section.3}% 13
\BOOKMARK [3][-]{subsubsection.3.1.1}{\376\377\000P\000s\000e\000u\000d\000o\000-\000C\000o\000d\000e}{subsection.3.1}% 14
\BOOKMARK [3][-]{subsubsection.3.1.2}{\376\377\000P\000y\000t\000h\000o\000n\000\040\000I\000m\000p\000l\000e\000m\000e\000n\000t\000a\000t\000i\000o\000n}{subsection.3.1}% 15
\BOOKMARK [2][-]{subsection.3.2}{\376\377\000M\000o\000d\000u\000l\000o\000-\0002\000\040\000O\000b\000s\000t\000r\000u\000c\000t\000i\000o\000n\000\040\000C\000h\000e\000c\000k}{section.3}% 16
\BOOKMARK [3][-]{subsubsection.3.2.1}{\376\377\000P\000s\000e\000u\000d\000o\000-\000C\000o\000d\000e}{subsection.3.2}% 17
\BOOKMARK [3][-]{subsubsection.3.2.2}{\376\377\000P\000y\000t\000h\000o\000n\000\040\000I\000m\000p\000l\000e\000m\000e\000n\000t\000a\000t\000i\000o\000n}{subsection.3.2}% 18
\BOOKMARK [2][-]{subsection.3.3}{\376\377\000J\000a\000c\000o\000b\000i\000a\000n\000\040\000R\000a\000n\000k\000\040\000C\000o\000m\000p\000u\000t\000a\000t\000i\000o\000n}{section.3}% 19
\BOOKMARK [3][-]{subsubsection.3.3.1}{\376\377\000T\000h\000e\000o\000r\000y}{subsection.3.3}% 20
\BOOKMARK [3][-]{subsubsection.3.3.2}{\376\377\000P\000y\000t\000h\000o\000n\000\040\000I\000m\000p\000l\000e\000m\000e\000n\000t\000a\000t\000i\000o\000n}{subsection.3.3}% 21
\BOOKMARK [1][-]{section.4}{\376\377\000I\000m\000p\000l\000e\000m\000e\000n\000t\000a\000t\000i\000o\000n\000\040\000D\000e\000t\000a\000i\000l\000s}{}% 22
\BOOKMARK [2][-]{subsection.4.1}{\376\377\000M\000a\000i\000n\000\040\000V\000e\000r\000i\000f\000i\000c\000a\000t\000i\000o\000n\000\040\000S\000c\000r\000i\000p\000t}{section.4}% 23
\BOOKMARK [3][-]{subsubsection.4.1.1}{\376\377\000C\000o\000m\000m\000a\000n\000d\000-\000L\000i\000n\000e\000\040\000I\000n\000t\000e\000r\000f\000a\000c\000e}{subsection.4.1}% 24
\BOOKMARK [3][-]{subsubsection.4.1.2}{\376\377\000C\000o\000r\000e\000\040\000L\000o\000g\000i\000c}{subsection.4.1}% 25
\BOOKMARK [2][-]{subsection.4.2}{\376\377\000P\000e\000r\000s\000i\000s\000t\000e\000n\000c\000e\000\040\000V\000a\000l\000i\000d\000a\000t\000i\000o\000n}{section.4}% 26
\BOOKMARK [2][-]{subsection.4.3}{\376\377\000P\000e\000r\000f\000o\000r\000m\000a\000n\000c\000e\000\040\000O\000p\000t\000i\000m\000i\000z\000a\000t\000i\000o\000n\000s}{section.4}% 27
\BOOKMARK [3][-]{subsubsection.4.3.1}{\376\377\000M\000e\000m\000o\000r\000y\000\040\000E\000f\000f\000i\000c\000i\000e\000n\000c\000y}{subsection.4.3}% 28
\BOOKMARK [3][-]{subsubsection.4.3.2}{\376\377\000P\000a\000r\000a\000l\000l\000e\000l\000i\000z\000a\000t\000i\000o\000n}{subsection.4.3}% 29
\BOOKMARK [1][-]{section.5}{\376\377\000D\000a\000t\000a\000\040\000F\000o\000r\000m\000a\000t\000s\000\040\000a\000n\000d\000\040\000C\000e\000r\000t\000i\000f\000i\000c\000a\000t\000e\000s}{}% 30
\BOOKMARK [2][-]{subsection.5.1}{\376\377\000C\000e\000r\000t\000i\000f\000i\000c\000a\000t\000e\000\040\000J\000S\000O\000N\000\040\000S\000t\000r\000u\000c\000t\000u\000r\000e}{section.5}% 31
\BOOKMARK [2][-]{subsection.5.2}{\376\377\000C\000h\000e\000c\000k\000s\000u\000m\000\040\000C\000o\000m\000p\000u\000t\000a\000t\000i\000o\000n}{section.5}% 32
\BOOKMARK [1][-]{section.6}{\376\377\000R\000e\000p\000r\000o\000d\000u\000c\000t\000i\000o\000n\000\040\000G\000u\000i\000d\000e}{}% 33
\BOOKMARK [2][-]{subsection.6.1}{\376\377\000S\000t\000e\000p\000-\000b\000y\000-\000S\000t\000e\000p\000\040\000I\000n\000s\000t\000r\000u\000c\000t\000i\000o\000n\000s}{section.6}% 34
\BOOKMARK [3][-]{subsubsection.6.1.1}{\376\377\0001\000.\000\040\000E\000n\000v\000i\000r\000o\000n\000m\000e\000n\000t\000\040\000S\000e\000t\000u\000p}{subsection.6.1}% 35
\BOOKMARK [3][-]{subsubsection.6.1.2}{\376\377\0002\000.\000\040\000R\000u\000n\000\040\000M\000a\000i\000n\000\040\000V\000e\000r\000i\000f\000i\000c\000a\000t\000i\000o\000n}{subsection.6.1}% 36
\BOOKMARK [3][-]{subsubsection.6.1.3}{\376\377\0003\000.\000\040\000V\000a\000l\000i\000d\000a\000t\000e\000\040\000R\000e\000s\000u\000l\000t\000s}{subsection.6.1}% 37
\BOOKMARK [2][-]{subsection.6.2}{\376\377\000E\000x\000p\000e\000c\000t\000e\000d\000\040\000O\000u\000t\000p\000u\000t}{section.6}% 38
\BOOKMARK [2][-]{subsection.6.3}{\376\377\000T\000r\000o\000u\000b\000l\000e\000s\000h\000o\000o\000t\000i\000n\000g}{section.6}% 39
\BOOKMARK [1][-]{section.7}{\376\377\000C\000o\000d\000e\000\040\000R\000e\000p\000o\000s\000i\000t\000o\000r\000y}{}% 40
\BOOKMARK [2][-]{subsection.7.1}{\376\377\000R\000e\000p\000o\000s\000i\000t\000o\000r\000y\000\040\000I\000n\000f\000o\000r\000m\000a\000t\000i\000o\000n}{section.7}% 41
\BOOKMARK [2][-]{subsection.7.2}{\376\377\000C\000i\000t\000a\000t\000i\000o\000n}{section.7}% 42
\BOOKMARK [2][-]{subsection.7.3}{\376\377\000R\000e\000p\000o\000s\000i\000t\000o\000r\000y\000\040\000C\000o\000n\000t\000e\000n\000t\000s}{section.7}% 43
\BOOKMARK [1][-]{appendix.A}{\376\377\000R\000e\000q\000u\000i\000r\000e\000m\000e\000n\000t\000s\000.\000t\000x\000t\000\040\000\050\000C\000o\000m\000p\000l\000e\000t\000e\000\051}{}% 44
\BOOKMARK [1][-]{appendix.B}{\376\377\000E\000x\000a\000m\000p\000l\000e\000\040\000C\000e\000r\000t\000i\000f\000i\000c\000a\000t\000e\000\040\000\050\000A\000b\000b\000r\000e\000v\000i\000a\000t\000e\000d\000\051}{}% 45
\BOOKMARK [1][-]{appendix.C}{\376\377\000C\000o\000m\000m\000a\000n\000d\000-\000L\000i\000n\000e\000\040\000I\000n\000t\000e\000r\000f\000a\000c\000e\000\040\000R\000e\000f\000e\000r\000e\000n\000c\000e}{}% 46
\BOOKMARK [2][-]{subsection.C.1}{\376\377\000c\000h\000e\000c\000k\000\137\000t\000r\000a\000j\000e\000c\000t\000o\000r\000y\000\137\000o\000b\000s\000t\000r\000u\000c\000t\000i\000o\000n\000.\000p\000y}{appendix.C}% 47
\BOOKMARK [2][-]{subsection.C.2}{\376\377\000v\000a\000l\000i\000d\000a\000t\000e\000\137\000a\000e\000x\000t\0005\000.\000p\000y}{appendix.C}% 48
